 2011   1    0.98    -2.97  255.28   24.09
 2011   2    0.98    -3.08  242.11   25.11
 2011   3    0.98    -3.20  228.93   26.12
 2011   4    0.98    -3.32  215.76   27.13
 2011   5    0.98    -3.43  202.59   28.15
 2011   6    0.98    -3.54  189.41   29.16
 2011   7    0.98    -3.65  176.24   30.18
 2011   8    0.98    -3.76  163.07   31.19
 2011   9    0.98    -3.87  149.90   32.21
 2011  10    0.98    -3.98  136.72   33.22
 2011  11    0.98    -4.09  123.55   34.24
 2011  12    0.98    -4.19  110.38   35.26
 2011  13    0.98    -4.30   97.21   36.27
 2011  14    0.98    -4.40   84.04   37.29
 2011  15    0.98    -4.50   70.87   38.31
 2011  16    0.98    -4.60   57.76   39.32
 2011  17    0.98    -4.70   44.59   40.34
 2011  18    0.98    -4.80   31.42   41.36
 2011  19    0.98    -4.89   18.25   42.37
 2011  20    0.98    -4.99    5.08   43.39
 2011  21    0.98    -5.08  351.91   44.41
 2011  22    0.98    -5.17  338.74   45.43
 2011  23    0.98    -5.26  325.57   46.44
 2011  24    0.98    -5.35  312.40   47.46
 2011  25    0.98    -5.43  299.23   48.48
 2011  26    0.98    -5.52  286.06   49.50
 2011  27    0.98    -5.60  272.89   50.52
 2011  28    0.98    -5.68  259.72   51.53
 2011  29    0.98    -5.76  246.55   52.55
 2011  30    0.99    -5.84  233.38   53.57
 2011  31    0.99    -5.91  220.21   54.59
 2011  32    0.99    -5.98  207.04   55.61
 2011  33    0.99    -6.05  193.88   56.63
 2011  34    0.99    -6.12  180.71   57.64
 2011  35    0.99    -6.19  167.54   58.66
 2011  36    0.99    -6.26  154.43   59.68
 2011  37    0.99    -6.32  141.26   60.70
 2011  38    0.99    -6.38  128.09   61.71
 2011  39    0.99    -6.44  114.92   62.73
 2011  40    0.99    -6.50  101.75   63.75
 2011  41    0.99    -6.55   88.58   64.77
 2011  42    0.99    -6.61   75.41   65.79
 2011  43    0.99    -6.66   62.24   66.80
 2011  44    0.99    -6.71   49.07   67.82
 2011  45    0.99    -6.75   35.90   68.84
 2011  46    0.99    -6.80   22.73   69.85
 2011  47    0.99    -6.84    9.56   70.87
 2011  48    0.99    -6.88  356.39   71.89
 2011  49    0.99    -6.92  343.21   72.90
 2011  50    0.99    -6.96  330.04   73.92
 2011  51    0.99    -6.99  316.87   74.93
 2011  52    0.99    -7.02  303.70   75.95
 2011  53    0.99    -7.05  290.53   76.96
 2011  54    0.99    -7.08  277.35   77.98
 2011  55    0.99    -7.11  264.18   78.99
 2011  56    0.99    -7.13  251.07   80.01
 2011  57    0.99    -7.15  237.89   81.02
 2011  58    0.99    -7.17  224.72   82.03
 2011  59    0.99    -7.19  211.54   83.04
 2011  60    0.99    -7.20  198.37   84.06
 2011  61    0.99    -7.21  185.19   85.07
 2011  62    0.99    -7.22  172.02   86.08
 2011  63    0.99    -7.23  158.84   87.09
 2011  64    0.99    -7.23  145.66   88.10
 2011  65    0.99    -7.24  132.49   89.11
 2011  66    0.99    -7.24  119.31   90.12
 2011  67    0.99    -7.24  106.13   91.13
 2011  68    0.99    -7.23   92.95   92.14
 2011  69    0.99    -7.23   79.77   93.14
 2011  70    0.99    -7.22   66.59   94.15
 2011  71    0.99    -7.21   53.41   95.16
 2011  72    0.99    -7.20   40.23   96.16
 2011  73    0.99    -7.18   27.05   97.17
 2011  74    0.99    -7.17   13.86   98.17
 2011  75    0.99    -7.15    0.68   99.18
 2011  76    0.99    -7.13  347.56  100.18
 2011  77    1.00    -7.10  334.37  101.19
 2011  78    1.00    -7.08  321.19  102.19
 2011  79    1.00    -7.05  308.00  103.19
 2011  80    1.00    -7.02  294.82  104.19
 2011  81    1.00    -6.99  281.63  105.19
 2011  82    1.00    -6.95  268.44  106.19
 2011  83    1.00    -6.92  255.25  107.19
 2011  84    1.00    -6.88  242.06  108.19
 2011  85    1.00    -6.84  228.87  109.18
 2011  86    1.00    -6.80  215.68  110.18
 2011  87    1.00    -6.75  202.49  111.18
 2011  88    1.00    -6.71  189.30  112.17
 2011  89    1.00    -6.66  176.10  113.17
 2011  90    1.00    -6.61  162.91  114.16
 2011  91    1.00    -6.56  149.71  115.15
 2011  92    1.00    -6.50  136.52  116.14
 2011  93    1.00    -6.45  123.32  117.14
 2011  94    1.00    -6.39  110.13  118.13
 2011  95    1.00    -6.33   96.93  119.12
 2011  96    1.00    -6.27   83.79  120.10
 2011  97    1.00    -6.21   70.59  121.09
 2011  98    1.00    -6.14   57.39  122.08
 2011  99    1.00    -6.08   44.19  123.07
 2011 100    1.00    -6.01   30.99  124.05
 2011 101    1.00    -5.94   17.79  125.04
 2011 102    1.00    -5.87    4.58  126.02
 2011 103    1.00    -5.79  351.38  127.00
 2011 104    1.00    -5.72  338.17  127.99
 2011 105    1.00    -5.64  324.97  128.97
 2011 106    1.00    -5.56  311.76  129.95
 2011 107    1.00    -5.48  298.55  130.93
 2011 108    1.00    -5.40  285.34  131.91
 2011 109    1.00    -5.32  272.13  132.88
 2011 110    1.00    -5.23  258.92  133.86
 2011 111    1.00    -5.15  245.71  134.84
 2011 112    1.01    -5.06  232.50  135.81
 2011 113    1.01    -4.97  219.29  136.79
 2011 114    1.01    -4.88  206.08  137.76
 2011 115    1.01    -4.79  192.86  138.74
 2011 116    1.01    -4.70  179.71  139.71
 2011 117    1.01    -4.60  166.49  140.68
 2011 118    1.01    -4.51  153.28  141.65
 2011 119    1.01    -4.41  140.06  142.62
 2011 120    1.01    -4.31  126.84  143.59
 2011 121    1.01    -4.21  113.62  144.56
 2011 122    1.01    -4.11  100.41  145.53
 2011 123    1.01    -4.01   87.18  146.50
 2011 124    1.01    -3.91   73.96  147.46
 2011 125    1.01    -3.80   60.74  148.43
 2011 126    1.01    -3.70   47.52  149.40
 2011 127    1.01    -3.59   34.30  150.36
 2011 128    1.01    -3.49   21.07  151.32
 2011 129    1.01    -3.38    7.85  152.29
 2011 130    1.01    -3.27  354.62  153.25
 2011 131    1.01    -3.16  341.40  154.21
 2011 132    1.01    -3.05  328.17  155.17
 2011 133    1.01    -2.94  314.95  156.13
 2011 134    1.01    -2.83  301.72  157.09
 2011 135    1.01    -2.72  288.49  158.05
 2011 136    1.01    -2.60  275.32  159.01
 2011 137    1.01    -2.49  262.09  159.97
 2011 138    1.01    -2.38  248.86  160.93
 2011 139    1.01    -2.26  235.63  161.88
 2011 140    1.01    -2.15  222.40  162.84
 2011 141    1.01    -2.03  209.17  163.80
 2011 142    1.01    -1.91  195.94  164.75
 2011 143    1.01    -1.80  182.71  165.71
 2011 144    1.01    -1.68  169.47  166.66
 2011 145    1.01    -1.56  156.24  167.62
 2011 146    1.01    -1.44  143.01  168.57
 2011 147    1.01    -1.32  129.77  169.52
 2011 148    1.01    -1.20  116.54  170.48
 2011 149    1.01    -1.08  103.30  171.43
 2011 150    1.01    -0.96   90.07  172.38
 2011 151    1.01    -0.85   76.83  173.33
 2011 152    1.01    -0.72   63.59  174.28
 2011 153    1.01    -0.60   50.36  175.23
 2011 154    1.01    -0.48   37.12  176.18
 2011 155    1.01    -0.36   23.88  177.13
 2011 156    1.01    -0.24   10.65  178.08
 2011 157    1.01    -0.12  357.47  179.03
 2011 158    1.01    -0.00  344.23  179.98
 2011 159    1.01     0.12  330.99  180.93
 2011 160    1.02     0.24  317.76  181.88
 2011 161    1.02     0.36  304.52  182.83
 2011 162    1.02     0.48  291.28  183.78
 2011 163    1.02     0.60  278.04  184.73
 2011 164    1.02     0.72  264.80  185.67
 2011 165    1.02     0.84  251.56  186.62
 2011 166    1.02     0.96  238.32  187.57
 2011 167    1.02     1.08  225.08  188.52
 2011 168    1.02     1.20  211.84  189.47
 2011 169    1.02     1.32  198.60  190.41
 2011 170    1.02     1.43  185.36  191.36
 2011 171    1.02     1.55  172.12  192.31
 2011 172    1.02     1.67  158.88  193.26
 2011 173    1.02     1.79  145.64  194.20
 2011 174    1.02     1.90  132.40  195.15
 2011 175    1.02     2.02  119.16  196.10
 2011 176    1.02     2.13  105.92  197.05
 2011 177    1.02     2.25   92.74  197.99
 2011 178    1.02     2.36   79.50  198.94
 2011 179    1.02     2.47   66.26  199.89
 2011 180    1.02     2.59   53.02  200.84
 2011 181    1.02     2.70   39.78  201.78
 2011 182    1.02     2.81   26.55  202.73
 2011 183    1.02     2.92   13.31  203.68
 2011 184    1.02     3.03    0.07  204.63
 2011 185    1.02     3.14  346.83  205.58
 2011 186    1.02     3.25  333.59  206.53
 2011 187    1.02     3.35  320.35  207.48
 2011 188    1.02     3.46  307.11  208.42
 2011 189    1.02     3.56  293.87  209.37
 2011 190    1.02     3.67  280.64  210.32
 2011 191    1.02     3.77  267.40  211.27
 2011 192    1.02     3.87  254.16  212.22
 2011 193    1.02     3.98  240.92  213.17
 2011 194    1.02     4.08  227.69  214.12
 2011 195    1.02     4.17  214.45  215.07
 2011 196    1.02     4.27  201.21  216.03
 2011 197    1.02     4.37  188.04  216.98
 2011 198    1.02     4.46  174.80  217.93
 2011 199    1.02     4.56  161.57  218.88
 2011 200    1.02     4.65  148.33  219.83
 2011 201    1.02     4.74  135.10  220.79
 2011 202    1.02     4.83  121.87  221.74
 2011 203    1.02     4.92  108.63  222.69
 2011 204    1.02     5.01   95.40  223.65
 2011 205    1.02     5.10   82.17  224.60
 2011 206    1.02     5.18   68.93  225.56
 2011 207    1.02     5.27   55.70  226.51
 2011 208    1.02     5.35   42.47  227.47
 2011 209    1.02     5.43   29.24  228.43
 2011 210    1.02     5.51   16.01  229.38
 2011 211    1.02     5.58    2.78  230.34
 2011 212    1.02     5.66  349.55  231.30
 2011 213    1.02     5.74  336.32  232.26
 2011 214    1.01     5.81  323.09  233.21
 2011 215    1.01     5.88  309.86  234.17
 2011 216    1.01     5.95  296.63  235.13
 2011 217    1.01     6.02  283.47  236.09
 2011 218    1.01     6.08  270.24  237.05
 2011 219    1.01     6.15  257.02  238.02
 2011 220    1.01     6.21  243.79  238.98
 2011 221    1.01     6.27  230.56  239.94
 2011 222    1.01     6.33  217.34  240.90
 2011 223    1.01     6.39  204.12  241.87
 2011 224    1.01     6.45  190.89  242.83
 2011 225    1.01     6.50  177.67  243.79
 2011 226    1.01     6.55  164.45  244.76
 2011 227    1.01     6.60  151.22  245.72
 2011 228    1.01     6.65  138.00  246.69
 2011 229    1.01     6.70  124.78  247.66
 2011 230    1.01     6.75  111.56  248.62
 2011 231    1.01     6.79   98.34  249.59
 2011 232    1.01     6.83   85.12  250.56
 2011 233    1.01     6.87   71.90  251.53
 2011 234    1.01     6.91   58.68  252.50
 2011 235    1.01     6.94   45.47  253.47
 2011 236    1.01     6.98   32.25  254.44
 2011 237    1.01     7.01   19.09  255.41
 2011 238    1.01     7.04    5.88  256.38
 2011 239    1.01     7.06  352.66  257.35
 2011 240    1.01     7.09  339.45  258.32
 2011 241    1.01     7.11  326.23  259.30
 2011 242    1.01     7.14  313.02  260.27
 2011 243    1.01     7.16  299.81  261.24
 2011 244    1.01     7.17  286.59  262.22
 2011 245    1.01     7.19  273.38  263.19
 2011 246    1.01     7.20  260.17  264.17
 2011 247    1.01     7.21  246.96  265.14
 2011 248    1.01     7.22  233.75  266.12
 2011 249    1.01     7.23  220.54  267.10
 2011 250    1.01     7.23  207.33  268.08
 2011 251    1.01     7.24  194.12  269.05
 2011 252    1.01     7.24  180.91  270.03
 2011 253    1.01     7.24  167.70  271.01
 2011 254    1.01     7.23  154.49  271.99
 2011 255    1.01     7.23  141.28  272.97
 2011 256    1.01     7.22  128.08  273.95
 2011 257    1.01     7.21  114.93  274.93
 2011 258    1.01     7.20  101.73  275.91
 2011 259    1.01     7.19   88.52  276.90
 2011 260    1.01     7.17   75.32  277.88
 2011 261    1.01     7.15   62.11  278.86
 2011 262    1.00     7.13   48.91  279.84
 2011 263    1.00     7.11   35.70  280.83
 2011 264    1.00     7.09   22.50  281.81
 2011 265    1.00     7.06    9.30  282.80
 2011 266    1.00     7.03  356.10  283.78
 2011 267    1.00     7.00  342.89  284.77
 2011 268    1.00     6.97  329.69  285.75
 2011 269    1.00     6.93  316.49  286.74
 2011 270    1.00     6.90  303.29  287.73
 2011 271    1.00     6.86  290.09  288.71
 2011 272    1.00     6.82  276.89  289.70
 2011 273    1.00     6.78  263.69  290.69
 2011 274    1.00     6.73  250.49  291.68
 2011 275    1.00     6.68  237.29  292.67
 2011 276    1.00     6.64  224.09  293.66
 2011 277    1.00     6.59  210.96  294.65
 2011 278    1.00     6.53  197.76  295.64
 2011 279    1.00     6.48  184.56  296.63
 2011 280    1.00     6.42  171.37  297.62
 2011 281    1.00     6.36  158.17  298.61
 2011 282    1.00     6.30  144.97  299.60
 2011 283    1.00     6.24  131.78  300.59
 2011 284    1.00     6.18  118.58  301.58
 2011 285    1.00     6.11  105.39  302.57
 2011 286    1.00     6.04   92.19  303.57
 2011 287    1.00     5.97   79.00  304.56
 2011 288    1.00     5.90   65.80  305.55
 2011 289    1.00     5.83   52.61  306.55
 2011 290    1.00     5.75   39.42  307.54
 2011 291    1.00     5.67   26.22  308.53
 2011 292    1.00     5.60   13.03  309.53
 2011 293    1.00     5.51  359.84  310.52
 2011 294    1.00     5.43  346.64  311.52
 2011 295    1.00     5.35  333.45  312.51
 2011 296    1.00     5.26  320.26  313.51
 2011 297    0.99     5.18  307.07  314.51
 2011 298    0.99     5.09  293.94  315.50
 2011 299    0.99     5.00  280.75  316.50
 2011 300    0.99     4.91  267.56  317.49
 2011 301    0.99     4.81  254.37  318.49
 2011 302    0.99     4.72  241.18  319.49
 2011 303    0.99     4.62  227.99  320.49
 2011 304    0.99     4.52  214.80  321.48
 2011 305    0.99     4.42  201.61  322.48
 2011 306    0.99     4.32  188.42  323.48
 2011 307    0.99     4.22  175.23  324.48
 2011 308    0.99     4.12  162.04  325.48
 2011 309    0.99     4.01  148.85  326.47
 2011 310    0.99     3.91  135.66  327.47
 2011 311    0.99     3.80  122.47  328.47
 2011 312    0.99     3.69  109.29  329.47
 2011 313    0.99     3.58   96.10  330.47
 2011 314    0.99     3.47   82.91  331.47
 2011 315    0.99     3.36   69.72  332.47
 2011 316    0.99     3.25   56.54  333.47
 2011 317    0.99     3.13   43.35  334.47
 2011 318    0.99     3.02   30.23  335.48
 2011 319    0.99     2.90   17.04  336.48
 2011 320    0.99     2.79    3.85  337.48
 2011 321    0.99     2.67  350.67  338.48
 2011 322    0.99     2.55  337.48  339.48
 2011 323    0.99     2.43  324.30  340.49
 2011 324    0.99     2.31  311.11  341.49
 2011 325    0.99     2.19  297.93  342.49
 2011 326    0.99     2.07  284.74  343.49
 2011 327    0.99     1.94  271.56  344.50
 2011 328    0.99     1.82  258.38  345.50
 2011 329    0.99     1.70  245.19  346.50
 2011 330    0.99     1.57  232.01  347.51
 2011 331    0.99     1.45  218.83  348.51
 2011 332    0.99     1.32  205.64  349.52
 2011 333    0.99     1.20  192.46  350.52
 2011 334    0.99     1.07  179.28  351.53
 2011 335    0.99     0.95  166.09  352.53
 2011 336    0.99     0.82  152.91  353.54
 2011 337    0.99     0.69  139.73  354.54
 2011 338    0.99     0.56  126.61  355.55
 2011 339    0.99     0.44  113.43  356.56
 2011 340    0.99     0.31  100.25  357.56
 2011 341    0.99     0.18   87.07  358.57
 2011 342    0.99     0.05   73.89  359.58
 2011 343    0.98    -0.07   60.71    0.58
 2011 344    0.98    -0.20   47.53    1.59
 2011 345    0.98    -0.33   34.35    2.60
 2011 346    0.98    -0.46   21.17    3.61
 2011 347    0.98    -0.59    7.99    4.62
 2011 348    0.98    -0.71  354.81    5.63
 2011 349    0.98    -0.84  341.63    6.63
 2011 350    0.98    -0.97  328.46    7.64
 2011 351    0.98    -1.09  315.28    8.65
 2011 352    0.98    -1.22  302.10    9.66
 2011 353    0.98    -1.35  288.92   10.67
 2011 354    0.98    -1.47  275.75   11.68
 2011 355    0.98    -1.60  262.57   12.70
 2011 356    0.98    -1.72  249.39   13.71
 2011 357    0.98    -1.85  236.22   14.72
 2011 358    0.98    -1.97  223.10   15.73
 2011 359    0.98    -2.10  209.93   16.74
 2011 360    0.98    -2.22  196.75   17.75
 2011 361    0.98    -2.34  183.58   18.77
 2011 362    0.98    -2.46  170.40   19.78
 2011 363    0.98    -2.58  157.23   20.79
 2011 364    0.98    -2.70  144.05   21.80
 2011 365    0.98    -2.82  130.88   22.82
 2012   1    0.98    -2.94  117.71   23.83
 2012   2    0.98    -3.05  104.53   24.84
 2012   3    0.98    -3.17   91.36   25.86
 2012   4    0.98    -3.29   78.19   26.87
 2012   5    0.98    -3.40   65.01   27.89
 2012   6    0.98    -3.51   51.84   28.90
 2012   7    0.98    -3.62   38.67   29.92
 2012   8    0.98    -3.74   25.49   30.93
 2012   9    0.98    -3.85   12.32   31.95
 2012  10    0.98    -3.95  359.15   32.96
 2012  11    0.98    -4.06  345.98   33.98
 2012  12    0.98    -4.17  332.81   35.00
 2012  13    0.98    -4.27  319.70   36.01
 2012  14    0.98    -4.37  306.53   37.03
 2012  15    0.98    -4.48  293.36   38.04
 2012  16    0.98    -4.58  280.19   39.06
 2012  17    0.98    -4.68  267.02   40.08
 2012  18    0.98    -4.77  253.85   41.10
 2012  19    0.98    -4.87  240.68   42.11
 2012  20    0.98    -4.96  227.50   43.13
 2012  21    0.98    -5.06  214.33   44.15
 2012  22    0.98    -5.15  201.17   45.17
 2012  23    0.98    -5.24  188.00   46.18
 2012  24    0.98    -5.32  174.83   47.20
 2012  25    0.98    -5.41  161.66   48.22
 2012  26    0.98    -5.50  148.49   49.24
 2012  27    0.98    -5.58  135.32   50.25
 2012  28    0.98    -5.66  122.15   51.27
 2012  29    0.98    -5.74  108.98   52.29
 2012  30    0.98    -5.82   95.81   53.31
 2012  31    0.99    -5.89   82.64   54.33
 2012  32    0.99    -5.96   69.47   55.34
 2012  33    0.99    -6.04   56.36   56.36
 2012  34    0.99    -6.11   43.19   57.38
 2012  35    0.99    -6.17   30.02   58.40
 2012  36    0.99    -6.24   16.85   59.42
 2012  37    0.99    -6.30    3.69   60.44
 2012  38    0.99    -6.37  350.52   61.45
 2012  39    0.99    -6.43  337.35   62.47
 2012  40    0.99    -6.48  324.18   63.49
 2012  41    0.99    -6.54  311.01   64.51
 2012  42    0.99    -6.59  297.84   65.52
 2012  43    0.99    -6.65  284.67   66.54
 2012  44    0.99    -6.70  271.50   67.56
 2012  45    0.99    -6.74  258.32   68.57
 2012  46    0.99    -6.79  245.15   69.59
 2012  47    0.99    -6.83  231.98   70.61
 2012  48    0.99    -6.87  218.81   71.62
 2012  49    0.99    -6.91  205.64   72.64
 2012  50    0.99    -6.95  192.47   73.66
 2012  51    0.99    -6.98  179.30   74.67
 2012  52    0.99    -7.02  166.12   75.69
 2012  53    0.99    -7.05  152.95   76.70
 2012  54    0.99    -7.07  139.84   77.72
 2012  55    0.99    -7.10  126.67   78.73
 2012  56    0.99    -7.12  113.49   79.74
 2012  57    0.99    -7.15  100.32   80.76
 2012  58    0.99    -7.16   87.15   81.77
 2012  59    0.99    -7.18   73.97   82.78
 2012  60    0.99    -7.20   60.80   83.80
 2012  61    0.99    -7.21   47.62   84.81
 2012  62    0.99    -7.22   34.44   85.82
 2012  63    0.99    -7.23   21.27   86.83
 2012  64    0.99    -7.23    8.09   87.84
 2012  65    0.99    -7.24  354.91   88.85
 2012  66    0.99    -7.24  341.74   89.86
 2012  67    0.99    -7.24  328.56   90.87
 2012  68    0.99    -7.23  315.38   91.88
 2012  69    0.99    -7.23  302.20   92.89
 2012  70    0.99    -7.22  289.02   93.89
 2012  71    0.99    -7.21  275.84   94.90
 2012  72    0.99    -7.20  262.66   95.91
 2012  73    0.99    -7.19  249.47   96.91
 2012  74    0.99    -7.17  236.35   97.92
 2012  75    0.99    -7.15  223.17   98.92
 2012  76    0.99    -7.13  209.99   99.92
 2012  77    1.00    -7.11  196.80  100.93
 2012  78    1.00    -7.08  183.62  101.93
 2012  79    1.00    -7.06  170.43  102.93
 2012  80    1.00    -7.03  157.25  103.93
 2012  81    1.00    -7.00  144.06  104.93
 2012  82    1.00    -6.96  130.87  105.93
 2012  83    1.00    -6.93  117.68  106.93
 2012  84    1.00    -6.89  104.49  107.93
 2012  85    1.00    -6.85   91.30  108.93
 2012  86    1.00    -6.81   78.11  109.92
 2012  87    1.00    -6.77   64.92  110.92
 2012  88    1.00    -6.72   51.73  111.92
 2012  89    1.00    -6.67   38.54  112.91
 2012  90    1.00    -6.62   25.34  113.90
 2012  91    1.00    -6.57   12.15  114.90
 2012  92    1.00    -6.52  358.95  115.89
 2012  93    1.00    -6.46  345.76  116.88
 2012  94    1.00    -6.41  332.62  117.87
 2012  95    1.00    -6.35  319.42  118.86
 2012  96    1.00    -6.29  306.22  119.85
 2012  97    1.00    -6.22  293.03  120.84
 2012  98    1.00    -6.16  279.83  121.83
 2012  99    1.00    -6.09  266.62  122.81
 2012 100    1.00    -6.03  253.42  123.80
 2012 101    1.00    -5.96  240.22  124.78
 2012 102    1.00    -5.88  227.02  125.77
 2012 103    1.00    -5.81  213.81  126.75
 2012 104    1.00    -5.74  200.61  127.73
 2012 105    1.00    -5.66  187.40  128.71
 2012 106    1.00    -5.58  174.20  129.70
 2012 107    1.00    -5.50  160.99  130.68
 2012 108    1.00    -5.42  147.78  131.65
 2012 109    1.00    -5.34  134.57  132.63
 2012 110    1.00    -5.25  121.36  133.61
 2012 111    1.00    -5.17  108.15  134.59
 2012 112    1.00    -5.08   94.94  135.56
 2012 113    1.01    -4.99   81.73  136.54
 2012 114    1.01    -4.90   68.58  137.51
 2012 115    1.01    -4.81   55.36  138.49
 2012 116    1.01    -4.72   42.15  139.46
 2012 117    1.01    -4.63   28.93  140.43
 2012 118    1.01    -4.53   15.72  141.40
 2012 119    1.01    -4.43    2.50  142.37
 2012 120    1.01    -4.34  349.28  143.34
 2012 121    1.01    -4.24  336.06  144.31
 2012 122    1.01    -4.14  322.84  145.28
 2012 123    1.01    -4.04  309.62  146.25
 2012 124    1.01    -3.93  296.40  147.22
 2012 125    1.01    -3.83  283.18  148.18
 2012 126    1.01    -3.73  269.96  149.15
 2012 127    1.01    -3.62  256.74  150.11
 2012 128    1.01    -3.52  243.51  151.08
 2012 129    1.01    -3.41  230.29  152.04
 2012 130    1.01    -3.30  217.06  153.00
 2012 131    1.01    -3.19  203.84  153.96
 2012 132    1.01    -3.08  190.61  154.93
 2012 133    1.01    -2.97  177.39  155.89
 2012 134    1.01    -2.86  164.22  156.85
 2012 135    1.01    -2.75  150.99  157.81
 2012 136    1.01    -2.63  137.76  158.76
 2012 137    1.01    -2.52  124.54  159.72
 2012 138    1.01    -2.41  111.31  160.68
 2012 139    1.01    -2.29   98.08  161.64
 2012 140    1.01    -2.18   84.84  162.59
 2012 141    1.01    -2.06   71.61  163.55
 2012 142    1.01    -1.94   58.38  164.51
 2012 143    1.01    -1.83   45.15  165.46
 2012 144    1.01    -1.71   31.92  166.42
 2012 145    1.01    -1.59   18.68  167.37
 2012 146    1.01    -1.47    5.45  168.32
 2012 147    1.01    -1.35  352.21  169.28
 2012 148    1.01    -1.23  338.98  170.23
 2012 149    1.01    -1.12  325.75  171.18
 2012 150    1.01    -1.00  312.51  172.13
 2012 151    1.01    -0.88  299.27  173.09
 2012 152    1.01    -0.76  286.04  174.04
 2012 153    1.01    -0.64  272.80  174.99
 2012 154    1.01    -0.52  259.63  175.94
 2012 155    1.01    -0.39  246.39  176.89
 2012 156    1.01    -0.27  233.15  177.84
 2012 157    1.01    -0.15  219.91  178.79
 2012 158    1.01    -0.03  206.68  179.74
 2012 159    1.01     0.09  193.44  180.69
 2012 160    1.02     0.21  180.20  181.64
 2012 161    1.02     0.33  166.96  182.59
 2012 162    1.02     0.45  153.72  183.53
 2012 163    1.02     0.57  140.48  184.48
 2012 164    1.02     0.69  127.24  185.43
 2012 165    1.02     0.81  114.00  186.38
 2012 166    1.02     0.93  100.76  187.33
 2012 167    1.02     1.05   87.52  188.27
 2012 168    1.02     1.17   74.28  189.22
 2012 169    1.02     1.28   61.05  190.17
 2012 170    1.02     1.40   47.81  191.12
 2012 171    1.02     1.52   34.57  192.07
 2012 172    1.02     1.64   21.33  193.01
 2012 173    1.02     1.76    8.09  193.96
 2012 174    1.02     1.87  354.91  194.91
 2012 175    1.02     1.99  341.67  195.85
 2012 176    1.02     2.10  328.43  196.80
 2012 177    1.02     2.22  315.19  197.75
 2012 178    1.02     2.33  301.95  198.70
 2012 179    1.02     2.45  288.71  199.65
 2012 180    1.02     2.56  275.47  200.59
 2012 181    1.02     2.67  262.23  201.54
 2012 182    1.02     2.78  248.99  202.49
 2012 183    1.02     2.89  235.75  203.44
 2012 184    1.02     3.00  222.51  204.39
 2012 185    1.02     3.11  209.27  205.33
 2012 186    1.02     3.22  196.03  206.28
 2012 187    1.02     3.33  182.79  207.23
 2012 188    1.02     3.43  169.56  208.18
 2012 189    1.02     3.54  156.32  209.13
 2012 190    1.02     3.64  143.08  210.08
 2012 191    1.02     3.75  129.84  211.03
 2012 192    1.02     3.85  116.60  211.98
 2012 193    1.02     3.95  103.37  212.93
 2012 194    1.02     4.05   90.13  213.88
 2012 195    1.02     4.15   76.96  214.83
 2012 196    1.02     4.25   63.72  215.78
 2012 197    1.02     4.34   50.48  216.73
 2012 198    1.02     4.44   37.25  217.68
 2012 199    1.02     4.53   24.01  218.64
 2012 200    1.02     4.63   10.78  219.59
 2012 201    1.02     4.72  357.54  220.54
 2012 202    1.02     4.81  344.31  221.50
 2012 203    1.02     4.90  331.07  222.45
 2012 204    1.02     4.99  317.84  223.40
 2012 205    1.02     5.07  304.61  224.36
 2012 206    1.02     5.16  291.38  225.31
 2012 207    1.02     5.24  278.14  226.27
 2012 208    1.02     5.33  264.91  227.22
 2012 209    1.02     5.41  251.68  228.18
 2012 210    1.02     5.49  238.45  229.14
 2012 211    1.02     5.56  225.22  230.09
 2012 212    1.02     5.64  211.99  231.05
 2012 213    1.02     5.72  198.76  232.01
 2012 214    1.01     5.79  185.53  232.97
 2012 215    1.01     5.86  172.36  233.93
 2012 216    1.01     5.93  159.14  234.89
 2012 217    1.01     6.00  145.91  235.85
 2012 218    1.01     6.07  132.68  236.81
 2012 219    1.01     6.13  119.46  237.77
 2012 220    1.01     6.20  106.23  238.73
 2012 221    1.01     6.26   93.00  239.69
 2012 222    1.01     6.32   79.78  240.65
 2012 223    1.01     6.38   66.55  241.62
 2012 224    1.01     6.43   53.33  242.58
 2012 225    1.01     6.49   40.11  243.55
 2012 226    1.01     6.54   26.88  244.51
 2012 227    1.01     6.59   13.66  245.48
 2012 228    1.01     6.64    0.44  246.44
 2012 229    1.01     6.69  347.22  247.41
 2012 230    1.01     6.73  334.00  248.37
 2012 231    1.01     6.78  320.78  249.34
 2012 232    1.01     6.82  307.56  250.31
 2012 233    1.01     6.86  294.34  251.28
 2012 234    1.01     6.90  281.12  252.25
 2012 235    1.01     6.93  267.97  253.22
 2012 236    1.01     6.97  254.75  254.19
 2012 237    1.01     7.00  241.53  255.16
 2012 238    1.01     7.03  228.32  256.13
 2012 239    1.01     7.06  215.10  257.10
 2012 240    1.01     7.08  201.88  258.07
 2012 241    1.01     7.11  188.67  259.04
 2012 242    1.01     7.13  175.46  260.02
 2012 243    1.01     7.15  162.24  260.99
 2012 244    1.01     7.17  149.03  261.97
 2012 245    1.01     7.18  135.82  262.94
 2012 246    1.01     7.20  122.60  263.92
 2012 247    1.01     7.21  109.39  264.89
 2012 248    1.01     7.22   96.18  265.87
 2012 249    1.01     7.23   82.97  266.85
 2012 250    1.01     7.23   69.76  267.82
 2012 251    1.01     7.24   56.55  268.80
 2012 252    1.01     7.24   43.34  269.78
 2012 253    1.01     7.24   30.13  270.76
 2012 254    1.01     7.24   16.93  271.74
 2012 255    1.01     7.23    3.78  272.72
 2012 256    1.01     7.22  350.57  273.70
 2012 257    1.01     7.21  337.37  274.68
 2012 258    1.01     7.20  324.16  275.66
 2012 259    1.01     7.19  310.96  276.64
 2012 260    1.01     7.18  297.75  277.63
 2012 261    1.01     7.16  284.55  278.61
 2012 262    1.00     7.14  271.34  279.59
 2012 263    1.00     7.12  258.14  280.58
 2012 264    1.00     7.09  244.93  281.56
 2012 265    1.00     7.07  231.73  282.54
 2012 266    1.00     7.04  218.53  283.53
 2012 267    1.00     7.01  205.33  284.51
 2012 268    1.00     6.98  192.13  285.50
 2012 269    1.00     6.94  178.92  286.49
 2012 270    1.00     6.91  165.72  287.47
 2012 271    1.00     6.87  152.52  288.46
 2012 272    1.00     6.83  139.32  289.45
 2012 273    1.00     6.79  126.12  290.44
 2012 274    1.00     6.74  112.92  291.42
 2012 275    1.00     6.70   99.79  292.41
 2012 276    1.00     6.65   86.59  293.40
 2012 277    1.00     6.60   73.39  294.39
 2012 278    1.00     6.55   60.19  295.38
 2012 279    1.00     6.49   47.00  296.37
 2012 280    1.00     6.44   33.80  297.36
 2012 281    1.00     6.38   20.60  298.35
 2012 282    1.00     6.32    7.41  299.34
 2012 283    1.00     6.26  354.21  300.34
 2012 284    1.00     6.19  341.01  301.33
 2012 285    1.00     6.13  327.82  302.32
 2012 286    1.00     6.06  314.62  303.31
 2012 287    1.00     5.99  301.43  304.30
 2012 288    1.00     5.92  288.24  305.30
 2012 289    1.00     5.85  275.04  306.29
 2012 290    1.00     5.77  261.85  307.28
 2012 291    1.00     5.69  248.65  308.28
 2012 292    1.00     5.62  235.46  309.27
 2012 293    1.00     5.54  222.27  310.27
 2012 294    1.00     5.45  209.07  311.26
 2012 295    1.00     5.37  195.95  312.26
 2012 296    1.00     5.29  182.75  313.25
 2012 297    0.99     5.20  169.56  314.25
 2012 298    0.99     5.11  156.37  315.24
 2012 299    0.99     5.02  143.18  316.24
 2012 300    0.99     4.93  129.99  317.24
 2012 301    0.99     4.84  116.80  318.23
 2012 302    0.99     4.74  103.61  319.23
 2012 303    0.99     4.65   90.42  320.23
 2012 304    0.99     4.55   77.23  321.23
 2012 305    0.99     4.45   64.04  322.22
 2012 306    0.99     4.35   50.85  323.22
 2012 307    0.99     4.25   37.66  324.22
 2012 308    0.99     4.14   24.47  325.22
 2012 309    0.99     4.04   11.28  326.22
 2012 310    0.99     3.93  358.09  327.22
 2012 311    0.99     3.83  344.90  328.22
 2012 312    0.99     3.72  331.72  329.22
 2012 313    0.99     3.61  318.53  330.22
 2012 314    0.99     3.50  305.34  331.22
 2012 315    0.99     3.39  292.22  332.22
 2012 316    0.99     3.28  279.03  333.22
 2012 317    0.99     3.16  265.84  334.22
 2012 318    0.99     3.05  252.66  335.22
 2012 319    0.99     2.93  239.47  336.22
 2012 320    0.99     2.82  226.28  337.22
 2012 321    0.99     2.70  213.10  338.22
 2012 322    0.99     2.58  199.91  339.22
 2012 323    0.99     2.46  186.73  340.23
 2012 324    0.99     2.34  173.54  341.23
 2012 325    0.99     2.22  160.36  342.23
 2012 326    0.99     2.10  147.17  343.24
 2012 327    0.99     1.98  133.99  344.24
 2012 328    0.99     1.85  120.80  345.24
 2012 329    0.99     1.73  107.62  346.25
 2012 330    0.99     1.61   94.44  347.25
 2012 331    0.99     1.48   81.25  348.25
 2012 332    0.99     1.36   68.07  349.26
 2012 333    0.99     1.23   54.89  350.26
 2012 334    0.99     1.10   41.71  351.27
 2012 335    0.99     0.98   28.52  352.27
 2012 336    0.99     0.85   15.40  353.28
 2012 337    0.99     0.72    2.22  354.28
 2012 338    0.99     0.60  349.04  355.29
 2012 339    0.99     0.47  335.86  356.30
 2012 340    0.99     0.34  322.68  357.30
 2012 341    0.99     0.21  309.50  358.31
 2012 342    0.99     0.09  296.32  359.32
 2012 343    0.99    -0.04  283.14    0.33
 2012 344    0.98    -0.17  269.96    1.33
 2012 345    0.98    -0.30  256.78    2.34
 2012 346    0.98    -0.43  243.60    3.35
 2012 347    0.98    -0.55  230.42    4.36
 2012 348    0.98    -0.68  217.24    5.37
 2012 349    0.98    -0.81  204.06    6.38
 2012 350    0.98    -0.94  190.88    7.38
 2012 351    0.98    -1.06  177.71    8.39
 2012 352    0.98    -1.19  164.53    9.40
 2012 353    0.98    -1.32  151.35   10.41
 2012 354    0.98    -1.44  138.17   11.42
 2012 355    0.98    -1.57  125.00   12.44
 2012 356    0.98    -1.69  111.88   13.45
 2012 357    0.98    -1.82   98.71   14.46
 2012 358    0.98    -1.94   85.53   15.47
 2012 359    0.98    -2.06   72.36   16.48
 2012 360    0.98    -2.19   59.18   17.49
 2012 361    0.98    -2.31   46.00   18.50
 2012 362    0.98    -2.43   32.83   19.52
 2012 363    0.98    -2.55   19.65   20.53
 2012 364    0.98    -2.67    6.48   21.54
 2012 365    0.98    -2.79  353.31   22.56
